<?xml version="1.0" encoding="UTF-8"?>
<testsuite name="ru.mail.junit.MockitoTest" tests="1" skipped="0" failures="0" errors="0" timestamp="2020-10-06T17:53:44" hostname="V1USER724" time="1.13">
  <properties/>
  <testcase name="mockTest" classname="ru.mail.junit.MockitoTest" time="1.13"/>
  <system-out><![CDATA[]]></system-out>
  <system-err><![CDATA[]]></system-err>
</testsuite>
